# JRE version: OpenJDK Runtime Environment Microsoft-8035250 (11.0.20+8) (build 11.0.20+8-LTS)
# Java VM: OpenJDK 64-Bit Server VM Microsoft-8035250 (11.0.20+8-LTS, mixed mode, tiered, compressed oops, g1 gc, windows-amd64)
Heap:
 garbage-first heap   total 258048K, used 118865K [0x0000000080000000, 0x0000000100000000)
  region size 1024K, 80 young (81920K), 14 survivors (14336K)
 Metaspace       used 74397K, capacity 76590K, committed 76756K, reserved 583680K
  class space    used 9685K, capacity 10558K, committed 10628K, reserved 516096K
GC Heap History (16 events):
Event: 0.839 GC heap before
{Heap before GC invocations=0 (full 0):
 garbage-first heap   total 258048K, used 27648K [0x0000000080000000, 0x0000000100000000)
  region size 1024K, 24 young (24576K), 0 survivors (0K)
 Metaspace       used 9811K, capacity 10016K, committed 10112K, reserved 526336K
  class space    used 1000K, capacity 1069K, committed 1152K, reserved 516096K
}
Event: 0.842 GC heap after
{Heap after GC invocations=1 (full 0):
 garbage-first heap   total 258048K, used 10416K [0x0000000080000000, 0x0000000100000000)
  region size 1024K, 3 young (3072K), 3 survivors (3072K)
 Metaspace       used 9811K, capacity 10016K, committed 10112K, reserved 526336K
  class space    used 1000K, capacity 1069K, committed 1152K, reserved 516096K
}
Event: 2.745 GC heap before
{Heap before GC invocations=1 (full 0):
 garbage-first heap   total 258048K, used 100528K [0x0000000080000000, 0x0000000100000000)
  region size 1024K, 91 young (93184K), 3 survivors (3072K)
 Metaspace       used 20748K, capacity 21155K, committed 21296K, reserved 536576K
  class space    used 2454K, capacity 2639K, committed 2688K, reserved 516096K
}
Event: 2.753 GC heap after
{Heap after GC invocations=2 (full 0):
 garbage-first heap   total 258048K, used 17896K [0x0000000080000000, 0x0000000100000000)
  region size 1024K, 11 young (11264K), 11 survivors (11264K)
 Metaspace       used 20748K, capacity 21155K, committed 21296K, reserved 536576K
  class space    used 2454K, capacity 2639K, committed 2688K, reserved 516096K
}
Event: 3.177 GC heap before
{Heap before GC invocations=3 (full 0):
 garbage-first heap   total 258048K, used 54760K [0x0000000080000000, 0x0000000100000000)
  region size 1024K, 47 young (48128K), 11 survivors (11264K)
 Metaspace       used 24352K, capacity 24919K, committed 25264K, reserved 538624K
  class space    used 3021K, capacity 3238K, committed 3328K, reserved 516096K
}
Event: 3.183 GC heap after
{Heap after GC invocations=4 (full 0):
 garbage-first heap   total 258048K, used 19633K [0x0000000080000000, 0x0000000100000000)
  region size 1024K, 2 young (2048K), 2 survivors (2048K)
 Metaspace       used 24352K, capacity 24919K, committed 25264K, reserved 538624K
  class space    used 3021K, capacity 3238K, committed 3328K, reserved 516096K
}
Event: 4.351 GC heap before
{Heap before GC invocations=4 (full 0):
 garbage-first heap   total 258048K, used 113841K [0x0000000080000000, 0x0000000100000000)
  region size 1024K, 95 young (97280K), 2 survivors (2048K)
 Metaspace       used 34955K, capacity 35786K, committed 35920K, reserved 548864K
  class space    used 4441K, capacity 4782K, committed 4864K, reserved 516096K
}
Event: 4.360 GC heap after
{Heap after GC invocations=5 (full 0):
 garbage-first heap   total 258048K, used 23563K [0x0000000080000000, 0x0000000100000000)
  region size 1024K, 6 young (6144K), 6 survivors (6144K)
 Metaspace       used 34955K, capacity 35786K, committed 35920K, reserved 548864K
  class space    used 4441K, capacity 4782K, committed 4864K, reserved 516096K
}
Event: 8.112 GC heap before
{Heap before GC invocations=6 (full 0):
 garbage-first heap   total 258048K, used 145419K [0x0000000080000000, 0x0000000100000000)
  region size 1024K, 123 young (125952K), 6 survivors (6144K)
 Metaspace       used 47402K, capacity 48642K, committed 48848K, reserved 559104K
  class space    used 5982K, capacity 6444K, committed 6528K, reserved 516096K
}
Event: 8.121 GC heap after
{Heap after GC invocations=7 (full 0):
 garbage-first heap   total 258048K, used 32681K [0x0000000080000000, 0x0000000100000000)
  region size 1024K, 15 young (15360K), 15 survivors (15360K)
 Metaspace       used 47402K, capacity 48642K, committed 48848K, reserved 559104K
  class space    used 5982K, capacity 6444K, committed 6528K, reserved 516096K
}
Event: 9.674 GC heap before
{Heap before GC invocations=7 (full 0):
 garbage-first heap   total 258048K, used 165801K [0x0000000080000000, 0x0000000100000000)
  region size 1024K, 145 young (148480K), 15 survivors (15360K)
 Metaspace       used 57024K, capacity 58612K, committed 58832K, reserved 567296K
  class space    used 7352K, capacity 7984K, committed 8064K, reserved 516096K
}
Event: 9.682 GC heap after
{Heap after GC invocations=8 (full 0):
 garbage-first heap   total 258048K, used 36737K [0x0000000080000000, 0x0000000100000000)
  region size 1024K, 14 young (14336K), 14 survivors (14336K)
 Metaspace       used 57024K, capacity 58612K, committed 58832K, reserved 567296K
  class space    used 7352K, capacity 7984K, committed 8064K, reserved 516096K
}
Event: 10.058 GC heap before
{Heap before GC invocations=8 (full 0):
 garbage-first heap   total 258048K, used 64385K [0x0000000080000000, 0x0000000100000000)
  region size 1024K, 36 young (36864K), 14 survivors (14336K)
 Metaspace       used 58635K, capacity 60204K, committed 60296K, reserved 569344K
  class space    used 7532K, capacity 8195K, committed 8248K, reserved 516096K
}
Event: 10.072 GC heap after
{Heap after GC invocations=9 (full 0):
 garbage-first heap   total 258048K, used 46633K [0x0000000080000000, 0x0000000100000000)
  region size 1024K, 9 young (9216K), 9 survivors (9216K)
 Metaspace       used 58635K, capacity 60204K, committed 60296K, reserved 569344K
  class space    used 7532K, capacity 8195K, committed 8248K, reserved 516096K
}
Event: 11.709 GC heap before
{Heap before GC invocations=10 (full 0):
 garbage-first heap   total 258048K, used 191017K [0x0000000080000000, 0x0000000100000000)
  region size 1024K, 151 young (154624K), 9 survivors (9216K)
 Metaspace       used 70617K, capacity 72557K, committed 72788K, reserved 579584K
  class space    used 9144K, capacity 9938K, committed 9988K, reserved 516096K
}
Event: 11.715 GC heap after
{Heap after GC invocations=11 (full 0):
 garbage-first heap   total 258048K, used 52305K [0x0000000080000000, 0x0000000100000000)
  region size 1024K, 14 young (14336K), 14 survivors (14336K)
 Metaspace       used 70617K, capacity 72557K, committed 72788K, reserved 579584K
  class space    used 9144K, capacity 9938K, committed 9988K, reserved 516096K
}

